May 01, 2016 6:46:32 PM HovalotDAL.DAL_HOVALOT connectDatabase
INFO: Opened database successfully
May 01, 2016 6:46:54 PM HovalotDAL.DAL_HOVALOT getDelivery
INFO: 2016-11-04 11:00
May 01, 2016 6:46:57 PM HovalotDAL.DAL_HOVALOT getDriver
INFO: A Driver's details has been read , with the details below :
315617506
May 01, 2016 6:47:00 PM HovalotDAL.DAL_HOVALOT getTruck
INFO: A Truck details has been read , with the details below :
Truck's license number     123
Max weight :     123
Model :        13
Color :        123
Clean weight :         123
Appropriate license :      123

May 01, 2016 6:47:06 PM HovalotDAL.DAL_HOVALOT getParticipant
INFO: A Participant's details has been read , with the details below :
b
May 01, 2016 6:47:11 PM HovalotDAL.DAL_HOVALOT getParticipant
INFO: A Participant's details has been read , with the details below :
b
May 01, 2016 6:47:13 PM HovalotDAL.DAL_HOVALOT getDriver
INFO: A Driver's details has been read , with the details below :
315617506
May 01, 2016 6:47:13 PM HovalotDAL.DAL_HOVALOT getTruck
INFO: A Truck details has been read , with the details below :
Truck's license number     123
Max weight :     123
Model :        13
Color :        123
Clean weight :         123
Appropriate license :      123

